<?xml version="1.0" encoding="UTF-8"?>
<!-- Generated by org.testng.reporters.JUnitReportReporter -->
<testsuite skipped="0" hostname="PSTM18220L" name="com.bilderlings.testautomation.test.Ordering" tests="4" failures="0" timestamp="10 aug. 2018 09:44:38 GMT" time="14.527" errors="0">
  <testcase name="logout" time="0.754" classname="com.bilderlings.testautomation.test.Ordering"/>
  <testcase name="registration" time="2.933" classname="com.bilderlings.testautomation.test.Ordering"/>
  <testcase name="shopping" time="5.582" classname="com.bilderlings.testautomation.test.Ordering"/>
  <testcase name="checkout" time="5.258" classname="com.bilderlings.testautomation.test.Ordering"/>
</testsuite> <!-- com.bilderlings.testautomation.test.Ordering -->
